Building DAG of jobs...
Using shell: /usr/bin/bash
Provided cores: 2
Rules claiming more threads will be scaled down.
Conda environments: ignored
Job stats:
job                count    min threads    max threads
---------------  -------  -------------  -------------
add_to_database        1              1              1
annotate               1              1              1
total                  2              1              1


[Mon Aug 16 15:21:03 2021]
rule annotate:
    input: filtered/rvp_test_infile_filtered.smap
    output: annotated/rvp_test_infile_annotated.csv
    log: annotated/rvp_test_infile_annotation.log
    jobid: 1
    wildcards: sample=rvp_test_infile
    resources: tmpdir=/tmp

[Mon Aug 16 17:17:56 2021]
Error in rule annotate:
    jobid: 1
    output: annotated/rvp_test_infile_annotated.csv
    log: annotated/rvp_test_infile_annotation.log (check log file(s) for error message)
    shell:
        mkdir -p annotated/ && Rscript scripts/nanotation.R /home/daric/work_WGGC/SV_annotation/sv_nanotation_snake/data filtered/rvp_test_infile_filtered.smap annotated/rvp_test_infile_annotated.csv /home/daric/work_WGGC/SV_annotation/sv_nanotation_snake/data/database_own_samples.bed
        (one of the commands exited with non-zero exit code; note that snakemake uses bash strict mode!)

Shutting down, this might take some time.
Exiting because a job execution failed. Look above for error message
Complete log: /home/daric/work_WGGC/SV_annotation/sv_nanotation_snake/.snakemake/log/2021-08-16T152103.433299.snakemake.log
