Building DAG of jobs...
Using shell: /usr/bin/bash
Provided cores: 2
Rules claiming more threads will be scaled down.
Conda environments: ignored
Job stats:
job                count    min threads    max threads
---------------  -------  -------------  -------------
add_to_database        1              1              1
annotate               1              1              1
convert                1              1              1
filter                 1              1              1
total                  4              1              1


[Thu Aug 26 09:08:32 2021]
Job 3: converting input/needed_header.smap with input/needed_header_header.tx ...

[Thu Aug 26 09:08:32 2021]
Finished job 3.
1 of 4 steps (25%) done

[Thu Aug 26 09:08:32 2021]
Job 2: filtering converted/needed_header_converted.smap with a max SVfreq of 1 into filtered/needed_header_filtered.smap...

[Thu Aug 26 09:08:32 2021]
Finished job 2.
2 of 4 steps (50%) done

[Thu Aug 26 09:08:32 2021]
Job 1: annotating filtered filtered/needed_header_filtered.smap with files in /home/daric/work_WGGC/SV_annotation/sv_nanotation_snake/data and custom database /home/daric/work_WGGC/SV_annotation/sv_nanotation_snake/data/test_db.bed...

Waiting at most 60 seconds for missing files.
MissingOutputException in line 22 of /home/daric/work_WGGC/SV_annotation/sv_nanotation_snake/workflow/Snakefile:
Job Missing files after 60 seconds:
annotated/needed_header_annotated.csv
This might be due to filesystem latency. If that is the case, consider to increase the wait time with --latency-wait.
Job id: 1 completed successfully, but some output files are missing. 1
Shutting down, this might take some time.
Exiting because a job execution failed. Look above for error message
Complete log: /home/daric/work_WGGC/SV_annotation/sv_nanotation_snake/.snakemake/log/2021-08-26T090832.144674.snakemake.log
