Building DAG of jobs...
Using shell: /usr/bin/bash
Provided cores: 2
Rules claiming more threads will be scaled down.
Conda environments: ignored
Job stats:
job                count    min threads    max threads
---------------  -------  -------------  -------------
add_to_database        1              1              1
total                  1              1              1


[Fri Aug 20 14:42:24 2021]
Job 0: extracting entries from annotated/41748_assembly_151_variants_combine_filters_inMoleRefine1_annotated.csv to extend /home/daric/work_WGGC/SV_annotation/sv_nanotation_snake/data/database_own_samples.bed...

[Fri Aug 20 14:42:24 2021]
Error in rule add_to_database:
    jobid: 0
    output: database_add_41748_assembly_151_variants_combine_filters_inMoleRefine1.log
    shell:
        perl scripts/database_extension.pl --i annotated/41748_assembly_151_variants_combine_filters_inMoleRefine1_annotated.csv --d /home/daric/work_WGGC/SV_annotation/sv_nanotation_snake/data/database_own_samples.bed >database_add_41748_assembly_151_variants_combine_filters_inMoleRefine1.log
        (one of the commands exited with non-zero exit code; note that snakemake uses bash strict mode!)

Removing output files of failed job add_to_database since they might be corrupted:
database_add_41748_assembly_151_variants_combine_filters_inMoleRefine1.log
Shutting down, this might take some time.
Exiting because a job execution failed. Look above for error message
Complete log: /home/daric/work_WGGC/SV_annotation/sv_nanotation_snake/.snakemake/log/2021-08-20T144224.458117.snakemake.log
