Building DAG of jobs...
Using shell: /usr/bin/bash
Provided cores: 2
Rules claiming more threads will be scaled down.
Conda environments: ignored
Job stats:
job                count    min threads    max threads
---------------  -------  -------------  -------------
add_to_database        1              1              1
annotate               1              1              1
convert                1              1              1
extract_header         1              1              1
filter                 1              1              1
total                  5              1              1


[Mon Aug 23 08:20:45 2021]
Job 4: extracting header of input/needed_header_no_fam.smap ...

[Mon Aug 23 08:20:45 2021]
Finished job 4.
1 of 5 steps (20%) done

[Mon Aug 23 08:20:45 2021]
Job 3: converting input/needed_header_no_fam.smap with input/needed_header_no_fam_header.tx ...

Waiting at most 60 seconds for missing files.
MissingOutputException in line 57 of /home/daric/work_WGGC/SV_annotation/sv_nanotation_snake/workflow/Snakefile:
Job Missing files after 60 seconds:
converted/needed_header_no_fam_converted.smap
This might be due to filesystem latency. If that is the case, consider to increase the wait time with --latency-wait.
Job id: 3 completed successfully, but some output files are missing. 3
Shutting down, this might take some time.
Exiting because a job execution failed. Look above for error message
Complete log: /home/daric/work_WGGC/SV_annotation/sv_nanotation_snake/.snakemake/log/2021-08-23T082045.903074.snakemake.log
