Building DAG of jobs...
Using shell: /usr/bin/bash
Provided cores: 2
Rules claiming more threads will be scaled down.
Conda environments: ignored
Job stats:
job                count    min threads    max threads
---------------  -------  -------------  -------------
add_to_database        1              1              1
annotate               1              1              1
total                  2              1              1


[Wed Aug 25 14:20:50 2021]
Job 1: annotating filtered filtered/45851_ds-to-480G_assembly_152_variants_combine_filters_inMoleRefine1_filtered.smap with files in /home/daric/work_WGGC/SV_annotation/sv_nanotation_snake/data and custom database /home/daric/work_WGGC/SV_annotation/sv_nanotation_snake/data/test_db.bed...

Terminating processes on user request, this might take some time.
[Wed Aug 25 14:20:50 2021]
Error in rule annotate:
    jobid: 1
    output: annotated/45851_ds-to-480G_assembly_152_variants_combine_filters_inMoleRefine1_annotated.csv
    log: logs/45851_ds-to-480G_assembly_152_variants_combine_filters_inMoleRefine1_annotation.log (check log file(s) for error message)
    shell:
        mkdir -p annotated/ && Rscript scripts/nanotation.R /home/daric/work_WGGC/SV_annotation/sv_nanotation_snake/data filtered/45851_ds-to-480G_assembly_152_variants_combine_filters_inMoleRefine1_filtered.smap annotated/45851_ds-to-480G_assembly_152_variants_combine_filters_inMoleRefine1_annotated.csv /home/daric/work_WGGC/SV_annotation/sv_nanotation_snake/data/test_db.bed | tee logs/45851_ds-to-480G_assembly_152_variants_combine_filters_inMoleRefine1_annotation.log
        (one of the commands exited with non-zero exit code; note that snakemake uses bash strict mode!)

Complete log: /home/daric/work_WGGC/SV_annotation/sv_nanotation_snake/.snakemake/log/2021-08-25T142050.423479.snakemake.log
