Building DAG of jobs...
Using shell: /usr/bin/bash
Provided cores: 2
Rules claiming more threads will be scaled down.
Conda environments: ignored
Job stats:
job                count    min threads    max threads
---------------  -------  -------------  -------------
add_to_database        1              1              1
annotate               1              1              1
total                  2              1              1


[Wed Aug 11 16:11:53 2021]
rule annotate:
    input: filtered/raw_keimbahn_smap_infile_filtered.smap
    output: annotated/raw_keimbahn_smap_infile_annotated.csv
    log: annotated/raw_keimbahn_smap_infile_annotation.log
    jobid: 1
    wildcards: sample=raw_keimbahn_smap_infile
    resources: tmpdir=/tmp

Waiting at most 9000000 seconds for missing files.
