Building DAG of jobs...
Using shell: /usr/bin/bash
Provided cores: 2
Rules claiming more threads will be scaled down.
Conda environments: ignored
Job stats:
job                count    min threads    max threads
---------------  -------  -------------  -------------
add_to_database        1              1              1
annotate               1              1              1
filter                 1              1              1
total                  3              1              1


[Thu Aug 12 10:12:19 2021]
rule filter:
    input: converted/test_5_converted.smap
    output: filtered/test_5_filtered.smap
    log: filtered/test_5_filter.log
    jobid: 2
    wildcards: sample=test_5
    resources: tmpdir=/tmp

[Thu Aug 12 10:12:19 2021]
Finished job 2.
1 of 3 steps (33%) done

[Thu Aug 12 10:12:19 2021]
rule annotate:
    input: filtered/test_5_filtered.smap
    output: annotated/test_5_annotated.csv
    log: annotated/test_5_annotation.log
    jobid: 1
    wildcards: sample=test_5
    resources: tmpdir=/tmp

Terminating processes on user request, this might take some time.
[Thu Aug 12 10:12:24 2021]
Error in rule annotate:
    jobid: 1
    output: annotated/test_5_annotated.csv
    log: annotated/test_5_annotation.log (check log file(s) for error message)
    shell:
        mkdir -p annotated/ && Rscript scripts/nanotation.R /home/daric/work_WGGC/SV_annotation/sv_nanotation_snake/data filtered/test_5_filtered.smap annotated/test_5_annotated.csv /home/daric/work_WGGC/SV_annotation/sv_nanotation_snake/data/database_own_samples.bed
        (one of the commands exited with non-zero exit code; note that snakemake uses bash strict mode!)

Complete log: /home/daric/work_WGGC/SV_annotation/sv_nanotation_snake/.snakemake/log/2021-08-12T101219.448766.snakemake.log
