Building DAG of jobs...
Using shell: /usr/bin/bash
Provided cores: 2
Rules claiming more threads will be scaled down.
Conda environments: ignored
Job stats:
job                count    min threads    max threads
---------------  -------  -------------  -------------
add_to_database        1              1              1
annotate               1              1              1
convert                1              1              1
filter                 1              1              1
total                  4              1              1


[Wed Aug 11 14:02:29 2021]
rule convert:
    input: input/raw_keimbahn_smap_infile.smap, input/raw_keimbahn_smap_infile_header.smap
    output: converted/raw_keimbahn_smap_infile_converted.smap
    log: converted/raw_keimbahn_smap_infile_conversion.log
    jobid: 3
    wildcards: sample=raw_keimbahn_smap_infile
    resources: tmpdir=/tmp

Waiting at most 5 seconds for missing files.
Terminating processes on user request, this might take some time.
MissingOutputException in line 48 of /home/daric/work_WGGC/SV_annotation/sv_nanotation_snake/workflow/Snakefile:
Job Missing files after 5 seconds:
converted/raw_keimbahn_smap_infile_converted.smap
This might be due to filesystem latency. If that is the case, consider to increase the wait time with --latency-wait.
Job id: 3 completed successfully, but some output files are missing. 3
Complete log: /home/daric/work_WGGC/SV_annotation/sv_nanotation_snake/.snakemake/log/2021-08-11T140229.112284.snakemake.log
