Building DAG of jobs...
Using shell: /usr/bin/bash
Provided cores: 2
Rules claiming more threads will be scaled down.
Conda environments: ignored
Job stats:
job                count    min threads    max threads
---------------  -------  -------------  -------------
add_to_database        1              1              1
annotate               1              1              1
total                  2              1              1


[Thu Aug 12 15:52:26 2021]
rule annotate:
    input: filtered/test_5_filtered.smap
    output: annotated/test_5_annotated.csv
    log: annotated/test_5_annotation.log
    jobid: 1
    wildcards: sample=test_5
    resources: tmpdir=/tmp

[Thu Aug 12 17:41:20 2021]
Finished job 1.
1 of 2 steps (50%) done

[Thu Aug 12 17:41:20 2021]
rule add_to_database:
    input: annotated/test_5_annotated.csv, /home/daric/work_WGGC/SV_annotation/sv_nanotation_snake/data/database_own_samples.bed
    output: database_add_test_5.log
    jobid: 0
    wildcards: sample=test_5
    resources: tmpdir=/tmp

[Thu Aug 12 17:41:20 2021]
Finished job 0.
2 of 2 steps (100%) done
Complete log: /home/daric/work_WGGC/SV_annotation/sv_nanotation_snake/.snakemake/log/2021-08-12T155226.472405.snakemake.log
