Building DAG of jobs...
Using shell: /usr/bin/bash
Provided cores: 2
Rules claiming more threads will be scaled down.
Conda environments: ignored
Job stats:
job                count    min threads    max threads
---------------  -------  -------------  -------------
add_to_database        1              1              1
annotate               1              1              1
convert                1              1              1
filter                 1              1              1
total                  4              1              1


[Mon Aug 16 09:46:16 2021]
rule convert:
    input: input/rvp_test_infile.smap, input/rvp_test_infile_header.tx
    output: converted/rvp_test_infile_converted.smap
    log: converted/rvp_test_infile_conversion.log
    jobid: 3
    wildcards: sample=rvp_test_infile
    resources: tmpdir=/tmp

Waiting at most 60 seconds for missing files.
Terminating processes on user request, this might take some time.
