Building DAG of jobs...
Using shell: /usr/bin/bash
Provided cores: 2
Rules claiming more threads will be scaled down.
Conda environments: ignored
Job stats:
job                count    min threads    max threads
---------------  -------  -------------  -------------
add_to_database        1              1              1
annotate               1              1              1
convert                1              1              1
filter                 1              1              1
total                  4              1              1


[Fri Aug 13 14:54:24 2021]
rule convert:
    input: input/41748_assembly_151_variants_combine_filters_inMoleRefine1.smap, input/41748_assembly_151_variants_combine_filters_inMoleRefine1_header.tx
    output: converted/41748_assembly_151_variants_combine_filters_inMoleRefine1_converted.smap
    log: converted/41748_assembly_151_variants_combine_filters_inMoleRefine1_conversion.log
    jobid: 3
    wildcards: sample=41748_assembly_151_variants_combine_filters_inMoleRefine1
    resources: tmpdir=/tmp

[Fri Aug 13 14:54:25 2021]
Finished job 3.
1 of 4 steps (25%) done

[Fri Aug 13 14:54:25 2021]
rule filter:
    input: converted/41748_assembly_151_variants_combine_filters_inMoleRefine1_converted.smap
    output: filtered/41748_assembly_151_variants_combine_filters_inMoleRefine1_filtered.smap
    log: filtered/41748_assembly_151_variants_combine_filters_inMoleRefine1_filter.log
    jobid: 2
    wildcards: sample=41748_assembly_151_variants_combine_filters_inMoleRefine1
    resources: tmpdir=/tmp

[Fri Aug 13 14:54:25 2021]
Finished job 2.
2 of 4 steps (50%) done

[Fri Aug 13 14:54:25 2021]
rule annotate:
    input: filtered/41748_assembly_151_variants_combine_filters_inMoleRefine1_filtered.smap
    output: annotated/41748_assembly_151_variants_combine_filters_inMoleRefine1_annotated.csv
    log: annotated/41748_assembly_151_variants_combine_filters_inMoleRefine1_annotation.log
    jobid: 1
    wildcards: sample=41748_assembly_151_variants_combine_filters_inMoleRefine1
    resources: tmpdir=/tmp

[Fri Aug 13 17:01:19 2021]
Finished job 1.
3 of 4 steps (75%) done

[Fri Aug 13 17:01:19 2021]
rule add_to_database:
    input: annotated/41748_assembly_151_variants_combine_filters_inMoleRefine1_annotated.csv, /home/daric/work_WGGC/SV_annotation/sv_nanotation_snake/data/database_own_samples.bed
    output: database_add_41748_assembly_151_variants_combine_filters_inMoleRefine1.log
    jobid: 0
    wildcards: sample=41748_assembly_151_variants_combine_filters_inMoleRefine1
    resources: tmpdir=/tmp

[Fri Aug 13 17:01:19 2021]
Finished job 0.
4 of 4 steps (100%) done
Complete log: /home/daric/work_WGGC/SV_annotation/sv_nanotation_snake/.snakemake/log/2021-08-13T145424.741148.snakemake.log
