Building DAG of jobs...
Using shell: /usr/bin/bash
Provided cores: 2
Rules claiming more threads will be scaled down.
Conda environments: ignored
Job stats:
job                count    min threads    max threads
---------------  -------  -------------  -------------
add_to_database        1              1              1
annotate               1              1              1
total                  2              1              1


[Thu Aug 12 09:33:50 2021]
rule annotate:
    input: filtered/new_infile_12aug_filtered.smap
    output: annotated/new_infile_12aug_annotated.csv
    log: annotated/new_infile_12aug_annotation.log
    jobid: 1
    wildcards: sample=new_infile_12aug
    resources: tmpdir=/tmp

[Thu Aug 12 09:34:04 2021]
Error in rule annotate:
    jobid: 1
    output: annotated/new_infile_12aug_annotated.csv
    log: annotated/new_infile_12aug_annotation.log (check log file(s) for error message)
    shell:
        mkdir -p annotated/ && Rscript scripts/nanotation.R /home/daric/work_WGGC/SV_annotation/sv_nanotation_snake/data filtered/new_infile_12aug_filtered.smap annotated/new_infile_12aug_annotated.csv /home/daric/work_WGGC/SV_annotation/sv_nanotation_snake/data/database_own_samples.bed
        (one of the commands exited with non-zero exit code; note that snakemake uses bash strict mode!)

Shutting down, this might take some time.
Exiting because a job execution failed. Look above for error message
Complete log: /home/daric/work_WGGC/SV_annotation/sv_nanotation_snake/.snakemake/log/2021-08-12T093350.766902.snakemake.log
