Building DAG of jobs...
Using shell: /usr/bin/bash
Provided cores: 2
Rules claiming more threads will be scaled down.
Conda environments: ignored
Job stats:
job                count    min threads    max threads
---------------  -------  -------------  -------------
add_to_database        1              1              1
annotate               1              1              1
total                  2              1              1


[Tue Aug 24 18:42:08 2021]
Job 1: annotating filtered filtered/45285_ds-to-480G_assembly_152_variants_combine_filters_inMoleRefine1_filtered.smap with files in /home/daric/work_WGGC/SV_annotation/sv_nanotation_snake/data and custom database /home/daric/work_WGGC/SV_annotation/sv_nanotation_snake/data/test_db.bed...

[Tue Aug 24 20:29:05 2021]
Finished job 1.
1 of 2 steps (50%) done

[Tue Aug 24 20:29:05 2021]
Job 0: extracting entries from annotated/45285_ds-to-480G_assembly_152_variants_combine_filters_inMoleRefine1_annotated.csv to extend /home/daric/work_WGGC/SV_annotation/sv_nanotation_snake/data/test_db.bed...

[Tue Aug 24 20:29:05 2021]
Finished job 0.
2 of 2 steps (100%) done
Complete log: /home/daric/work_WGGC/SV_annotation/sv_nanotation_snake/.snakemake/log/2021-08-24T184207.992591.snakemake.log
