Building DAG of jobs...
Using shell: /usr/bin/bash
Provided cores: 2
Rules claiming more threads will be scaled down.
Conda environments: ignored
Job stats:
job                count    min threads    max threads
---------------  -------  -------------  -------------
add_to_database        1              1              1
annotate               1              1              1
total                  2              1              1


[Tue Aug 17 14:26:16 2021]
Job 1: annotating filtered filtered/rvp_test_infile_filtered.smap with files in /home/daric/work_WGGC/SV_annotation/sv_nanotation_snake/data and custom database /home/daric/work_WGGC/SV_annotation/sv_nanotation_snake/data/database_own_samples.bed...

[Tue Aug 17 16:15:57 2021]
Finished job 1.
1 of 2 steps (50%) done

[Tue Aug 17 16:15:57 2021]
Job 0: extracting entries from annotated/rvp_test_infile_annotated.csv to extend /home/daric/work_WGGC/SV_annotation/sv_nanotation_snake/data/database_own_samples.bed...

[Tue Aug 17 16:15:57 2021]
Finished job 0.
2 of 2 steps (100%) done
Complete log: /home/daric/work_WGGC/SV_annotation/sv_nanotation_snake/.snakemake/log/2021-08-17T142616.098093.snakemake.log
