Building DAG of jobs...
Using shell: /usr/bin/bash
Provided cores: 2
Rules claiming more threads will be scaled down.
Conda environments: ignored
Job stats:
job                count    min threads    max threads
---------------  -------  -------------  -------------
add_to_database        1              1              1
annotate               1              1              1
convert                1              1              1
extract_header         1              1              1
filter                 1              1              1
total                  5              1              1


[Mon Aug 23 08:25:03 2021]
Job 4: extracting header of input/Sample01_assembly_152_variants_combine_filters_inMoleRefine1.smap ...

[Mon Aug 23 08:25:03 2021]
Finished job 4.
1 of 5 steps (20%) done

[Mon Aug 23 08:25:03 2021]
Job 3: converting input/Sample01_assembly_152_variants_combine_filters_inMoleRefine1.smap with input/Sample01_assembly_152_variants_combine_filters_inMoleRefine1_header.tx ...

[Mon Aug 23 08:25:04 2021]
Finished job 3.
2 of 5 steps (40%) done

[Mon Aug 23 08:25:04 2021]
Job 2: filtering converted/Sample01_assembly_152_variants_combine_filters_inMoleRefine1_converted.smap with a max SVfreq of 1 into filtered/Sample01_assembly_152_variants_combine_filters_inMoleRefine1_filtered.smap...

[Mon Aug 23 08:25:04 2021]
Finished job 2.
3 of 5 steps (60%) done

[Mon Aug 23 08:25:04 2021]
Job 1: annotating filtered filtered/Sample01_assembly_152_variants_combine_filters_inMoleRefine1_filtered.smap with files in /home/daric/work_WGGC/SV_annotation/sv_nanotation_snake/data and custom database /home/daric/work_WGGC/SV_annotation/sv_nanotation_snake/data/database_own_samples.bed...

Terminating processes on user request, this might take some time.
[Mon Aug 23 09:22:43 2021]
Error in rule annotate:
    jobid: 1
    output: annotated/Sample01_assembly_152_variants_combine_filters_inMoleRefine1_annotated.csv
    log: annotated/Sample01_assembly_152_variants_combine_filters_inMoleRefine1_annotation.log (check log file(s) for error message)
    shell:
        mkdir -p annotated/ && Rscript scripts/nanotation.R /home/daric/work_WGGC/SV_annotation/sv_nanotation_snake/data filtered/Sample01_assembly_152_variants_combine_filters_inMoleRefine1_filtered.smap annotated/Sample01_assembly_152_variants_combine_filters_inMoleRefine1_annotated.csv /home/daric/work_WGGC/SV_annotation/sv_nanotation_snake/data/database_own_samples.bed | tee annotated/Sample01_assembly_152_variants_combine_filters_inMoleRefine1_annotation.log
        (one of the commands exited with non-zero exit code; note that snakemake uses bash strict mode!)

Complete log: /home/daric/work_WGGC/SV_annotation/sv_nanotation_snake/.snakemake/log/2021-08-23T082503.263276.snakemake.log
