Building DAG of jobs...
Using shell: /usr/bin/bash
Provided cores: 2
Rules claiming more threads will be scaled down.
Conda environments: ignored
Job stats:
job                count    min threads    max threads
---------------  -------  -------------  -------------
add_to_database        1              1              1
annotate               1              1              1
convert                1              1              1
extract_header         1              1              1
filter                 1              1              1
total                  5              1              1


[Fri Aug 20 14:42:24 2021]
Job 4: extracting header of input/41864_assembly_151_variants_combine_filters_inMoleRefine1.smap ...

[Fri Aug 20 14:42:24 2021]
Finished job 4.
1 of 5 steps (20%) done

[Fri Aug 20 14:42:24 2021]
Job 3: converting input/41864_assembly_151_variants_combine_filters_inMoleRefine1.smap with input/41864_assembly_151_variants_combine_filters_inMoleRefine1_header.tx ...

[Fri Aug 20 14:42:25 2021]
Finished job 3.
2 of 5 steps (40%) done

[Fri Aug 20 14:42:25 2021]
Job 2: filtering converted/41864_assembly_151_variants_combine_filters_inMoleRefine1_converted.smap with a max SVfreq of 1 into filtered/41864_assembly_151_variants_combine_filters_inMoleRefine1_filtered.smap...

[Fri Aug 20 14:42:25 2021]
Finished job 2.
3 of 5 steps (60%) done

[Fri Aug 20 14:42:25 2021]
Job 1: annotating filtered filtered/41864_assembly_151_variants_combine_filters_inMoleRefine1_filtered.smap with files in /home/daric/work_WGGC/SV_annotation/sv_nanotation_snake/data and custom database /home/daric/work_WGGC/SV_annotation/sv_nanotation_snake/data/database_own_samples.bed...

