[1] "###Comparing SVs and Beds###"
[1] "***Overlap Genes***"
[1] "***NonOverlap Genes***"
[1] "gene annotation finished..."
[1] "genomic features overlap..."
[1] "###Comparing SVs and Beds###"
[1] "***Overlap Genes***"
[1] "***NonOverlap Genes***"
[1] "###Comparing SVs and Beds###"
[1] "***Overlap Genes***"
[1] "***NonOverlap Genes***"
[1] "SV databases overlap..."
[1] "###Comparing SVs and Beds###"
[1] "***Overlap Genes***"
[1] "***NonOverlap Genes***"
[1] "###Comparing SVs and Beds###"
[1] "***Overlap Genes***"
[1] "***NonOverlap Genes***"
[1] "###Comparing SVs and Beds###"
[1] "***Overlap Genes***"
[1] "***NonOverlap Genes***"
[1] "###Comparing SVs and Beds###"
[1] "***Overlap Genes***"
[1] "***NonOverlap Genes***"
[1] "###Comparing SVs and Beds###"
[1] "Genome doesnot have any Sex Chromosome"
[1] "***Overlap Genes***"
[1] "***NonOverlap Genes***"
[1] "cleanup..."
[1] "creating output file..."
[1] "writing full output file... "
[1] "done."
